<?xml version="1.0" encoding="UTF-8"?>
<!-- Generated by org.testng.reporters.JUnitReportReporter -->
<testsuite hostname="LAPTOP-ND2NTOLJ" failures="0" tests="2" name="com.Tata.Nexon.suites.SampleSuiteITest" time="29.093" errors="0" timestamp="2021-04-10T18:06:49 IST" skipped="0">
  <testcase classname="com.Tata.Nexon.suites.SampleSuiteITest" name="Check2ndRun" time="13.754"/>
  <system-out/>
  <testcase classname="com.Tata.Nexon.suites.SampleSuiteITest" name="LogintoFlipKart" time="15.339"/>
  <system-out/>
</testsuite> <!-- com.Tata.Nexon.suites.SampleSuiteITest -->
