<?xml version="1.0" encoding="UTF-8"?>
<!-- Generated by org.testng.reporters.JUnitReportReporter -->
<testsuite hostname="LAPTOP-ND2NTOLJ" failures="0" tests="1" name="com.Tata.Nexon.suites.SampleSuiteITest" time="0.846" errors="0" timestamp="2021-03-29T00:51:54 IST" skipped="0">
  <testcase classname="com.Tata.Nexon.suites.SampleSuiteITest" name="LogintoFlipKart" time="0.846"/>
  <system-out/>
</testsuite> <!-- com.Tata.Nexon.suites.SampleSuiteITest -->
