<?xml version="1.0" encoding="UTF-8"?>
<!-- Generated by org.testng.reporters.JUnitReportReporter -->
<testsuite hostname="LAPTOP-ND2NTOLJ" failures="0" tests="2" name="Testin" time="0.012" errors="0" timestamp="06 Apr 2021 14:02:44 GMT" skipped="0">
  <testcase classname="Testin" name="T12" time="0.002"/>
  <testcase classname="Testin" name="T1" time="0.010"/>
</testsuite> <!-- Testin -->
